This is pdfTeX, Version 3.1415926-2.5-1.40.14 (TeX Live 2013/Debian) (format=pdflatex 2015.12.28)  21 JUN 2017 17:02
entering extended mode
 restricted \write18 enabled.
 %&-line parsing enabled.
**abf.tex
(./abf.tex
LaTeX2e <2011/06/27>
Babel <3.9h> and hyphenation patterns for 78 languages loaded.
(/usr/share/texlive/texmf-dist/tex/latex/base/article.cls
Document Class: article 2007/10/19 v1.4h Standard LaTeX document class
(/usr/share/texlive/texmf-dist/tex/latex/base/size12.clo
File: size12.clo 2007/10/19 v1.4h Standard LaTeX file (size option)
)
\c@part=\count79
\c@section=\count80
\c@subsection=\count81
\c@subsubsection=\count82
\c@paragraph=\count83
\c@subparagraph=\count84
\c@figure=\count85
\c@table=\count86
\abovecaptionskip=\skip41
\belowcaptionskip=\skip42
\bibindent=\dimen102
)
(/usr/share/texlive/texmf-dist/tex/latex/graphics/graphicx.sty
Package: graphicx 1999/02/16 v1.0f Enhanced LaTeX Graphics (DPC,SPQR)

(/usr/share/texlive/texmf-dist/tex/latex/graphics/keyval.sty
Package: keyval 1999/03/16 v1.13 key=value parser (DPC)
\KV@toks@=\toks14
)
(/usr/share/texlive/texmf-dist/tex/latex/graphics/graphics.sty
Package: graphics 2009/02/05 v1.0o Standard LaTeX Graphics (DPC,SPQR)

(/usr/share/texlive/texmf-dist/tex/latex/graphics/trig.sty
Package: trig 1999/03/16 v1.09 sin cos tan (DPC)
)
(/usr/share/texlive/texmf-dist/tex/latex/latexconfig/graphics.cfg
File: graphics.cfg 2010/04/23 v1.9 graphics configuration of TeX Live
)
Package graphics Info: Driver file: pdftex.def on input line 91.

(/usr/share/texlive/texmf-dist/tex/latex/pdftex-def/pdftex.def
File: pdftex.def 2011/05/27 v0.06d Graphics/color for pdfTeX

(/usr/share/texlive/texmf-dist/tex/generic/oberdiek/infwarerr.sty
Package: infwarerr 2010/04/08 v1.3 Providing info/warning/error messages (HO)
)
(/usr/share/texlive/texmf-dist/tex/generic/oberdiek/ltxcmds.sty
Package: ltxcmds 2011/11/09 v1.22 LaTeX kernel commands for general use (HO)
)
\Gread@gobject=\count87
))
\Gin@req@height=\dimen103
\Gin@req@width=\dimen104
)
(/usr/share/texlive/texmf-dist/tex/latex/url/url.sty
\Urlmuskip=\muskip10
Package: url 2013/09/16  ver 3.4  Verb mode for urls, etc.
)
(/usr/share/texlive/texmf-dist/tex/latex/wrapfig/wrapfig.sty
\wrapoverhang=\dimen105
\WF@size=\dimen106
\c@WF@wrappedlines=\count88
\WF@box=\box26
\WF@everypar=\toks15
Package: wrapfig 2003/01/31  v 3.6
)
(/usr/share/texlive/texmf-dist/tex/latex/jknapltx/mathrsfs.sty
Package: mathrsfs 1996/01/01 Math RSFS package v1.0 (jk)
\symrsfs=\mathgroup4
)
(/usr/share/texlive/texmf-dist/tex/latex/amsfonts/amssymb.sty
Package: amssymb 2013/01/14 v3.01 AMS font symbols

(/usr/share/texlive/texmf-dist/tex/latex/amsfonts/amsfonts.sty
Package: amsfonts 2013/01/14 v3.01 Basic AMSFonts support
\@emptytoks=\toks16
\symAMSa=\mathgroup5
\symAMSb=\mathgroup6
LaTeX Font Info:    Overwriting math alphabet `\mathfrak' in version `bold'
(Font)                  U/euf/m/n --> U/euf/b/n on input line 106.
))
(/usr/share/texlive/texmf-dist/tex/latex/tools/array.sty
Package: array 2008/09/09 v2.4c Tabular extension package (FMi)
\col@sep=\dimen107
\extrarowheight=\dimen108
\NC@list=\toks17
\extratabsurround=\skip43
\backup@length=\skip44
) (./abf.aux)
\openout1 = `abf.aux'.

LaTeX Font Info:    Checking defaults for OML/cmm/m/it on input line 10.
LaTeX Font Info:    ... okay on input line 10.
LaTeX Font Info:    Checking defaults for T1/cmr/m/n on input line 10.
LaTeX Font Info:    ... okay on input line 10.
LaTeX Font Info:    Checking defaults for OT1/cmr/m/n on input line 10.
LaTeX Font Info:    ... okay on input line 10.
LaTeX Font Info:    Checking defaults for OMS/cmsy/m/n on input line 10.
LaTeX Font Info:    ... okay on input line 10.
LaTeX Font Info:    Checking defaults for OMX/cmex/m/n on input line 10.
LaTeX Font Info:    ... okay on input line 10.
LaTeX Font Info:    Checking defaults for U/cmr/m/n on input line 10.
LaTeX Font Info:    ... okay on input line 10.

(/usr/share/texlive/texmf-dist/tex/context/base/supp-pdf.mkii
[Loading MPS to PDF converter (version 2006.09.02).]
\scratchcounter=\count89
\scratchdimen=\dimen109
\scratchbox=\box27
\nofMPsegments=\count90
\nofMParguments=\count91
\everyMPshowfont=\toks18
\MPscratchCnt=\count92
\MPscratchDim=\dimen110
\MPnumerator=\count93
\makeMPintoPDFobject=\count94
\everyMPtoPDFconversion=\toks19
) (/usr/share/texlive/texmf-dist/tex/generic/oberdiek/pdftexcmds.sty
Package: pdftexcmds 2011/11/29 v0.20 Utility functions of pdfTeX for LuaTeX (HO
)

(/usr/share/texlive/texmf-dist/tex/generic/oberdiek/ifluatex.sty
Package: ifluatex 2010/03/01 v1.3 Provides the ifluatex switch (HO)
Package ifluatex Info: LuaTeX not detected.
)
(/usr/share/texlive/texmf-dist/tex/generic/oberdiek/ifpdf.sty
Package: ifpdf 2011/01/30 v2.3 Provides the ifpdf switch (HO)
Package ifpdf Info: pdfTeX in PDF mode is detected.
)
Package pdftexcmds Info: LuaTeX not detected.
Package pdftexcmds Info: \pdf@primitive is available.
Package pdftexcmds Info: \pdf@ifprimitive is available.
Package pdftexcmds Info: \pdfdraftmode found.
)
(/usr/share/texlive/texmf-dist/tex/latex/oberdiek/epstopdf-base.sty
Package: epstopdf-base 2010/02/09 v2.5 Base part for package epstopdf

(/usr/share/texlive/texmf-dist/tex/latex/oberdiek/grfext.sty
Package: grfext 2010/08/19 v1.1 Manage graphics extensions (HO)

(/usr/share/texlive/texmf-dist/tex/generic/oberdiek/kvdefinekeys.sty
Package: kvdefinekeys 2011/04/07 v1.3 Define keys (HO)
))
(/usr/share/texlive/texmf-dist/tex/latex/oberdiek/kvoptions.sty
Package: kvoptions 2011/06/30 v3.11 Key value format for package options (HO)

(/usr/share/texlive/texmf-dist/tex/generic/oberdiek/kvsetkeys.sty
Package: kvsetkeys 2012/04/25 v1.16 Key value parser (HO)

(/usr/share/texlive/texmf-dist/tex/generic/oberdiek/etexcmds.sty
Package: etexcmds 2011/02/16 v1.5 Avoid name clashes with e-TeX commands (HO)
Package etexcmds Info: Could not find \expanded.
(etexcmds)             That can mean that you are not using pdfTeX 1.50 or
(etexcmds)             that some package has redefined \expanded.
(etexcmds)             In the latter case, load this package earlier.
)))
Package grfext Info: Graphics extension search list:
(grfext)             [.png,.pdf,.jpg,.mps,.jpeg,.jbig2,.jb2,.PNG,.PDF,.JPG,.JPE
G,.JBIG2,.JB2,.eps]
(grfext)             \AppendGraphicsExtensions on input line 452.

(/usr/share/texlive/texmf-dist/tex/latex/latexconfig/epstopdf-sys.cfg
File: epstopdf-sys.cfg 2010/07/13 v1.3 Configuration of (r)epstopdf for TeX Liv
e
))
LaTeX Font Info:    Try loading font information for U+rsfs on input line 11.

(/usr/share/texlive/texmf-dist/tex/latex/jknapltx/ursfs.fd
File: ursfs.fd 1998/03/24 rsfs font definition file (jk)
)
LaTeX Font Info:    Try loading font information for U+msa on input line 11.

(/usr/share/texlive/texmf-dist/tex/latex/amsfonts/umsa.fd
File: umsa.fd 2013/01/14 v3.01 AMS symbols A
)
LaTeX Font Info:    Try loading font information for U+msb on input line 11.

(/usr/share/texlive/texmf-dist/tex/latex/amsfonts/umsb.fd
File: umsb.fd 2013/01/14 v3.01 AMS symbols B
)
LaTeX Font Info:    Try loading font information for OMS+cmr on input line 20.

(/usr/share/texlive/texmf-dist/tex/latex/base/omscmr.fd
File: omscmr.fd 1999/05/25 v2.5h Standard LaTeX font definitions
)
LaTeX Font Info:    Font shape `OMS/cmr/m/n' in size <12> not available
(Font)              Font shape `OMS/cmsy/m/n' tried instead on input line 20.
 [1

{/var/lib/texmf/fonts/map/pdftex/updmap/pdftex.map}] [2]
<vaporpressure_ybmg.png, id=17, 598.235pt x 403.5075pt>
File: vaporpressure_ybmg.png Graphic file (type png)

<use vaporpressure_ybmg.png>
Package pdftex.def Info: vaporpressure_ybmg.png used on input line 92.
(pdftex.def)             Requested size: 221.34348pt x 149.29543pt.

Overfull \hbox (45.84467pt too wide) in paragraph at lines 92--94
[][]
 []

[3 <./vaporpressure_ybmg.png>]
<abf_schematic.png, id=25, 477.34335pt x 246.4407pt>
File: abf_schematic.png Graphic file (type png)
 <use abf_schematic.png>
Package pdftex.def Info: abf_schematic.png used on input line 110.
(pdftex.def)             Requested size: 238.67108pt x 123.22005pt.

Overfull \hbox (43.67108pt too wide) in paragraph at lines 110--112
[][]
 []


Underfull \hbox (badness 4913) in paragraph at lines 114--115
\OT1/cmr/m/n/12 Mi-cro-scope setup, the BLUREI
 []


Underfull \hbox (badness 1038) in paragraph at lines 114--115
\OT1/cmr/m/n/12 si-tion through laser ex-ci-ta-tion of
 []

[4 <./abf_schematic.png>]
Overfull \hbox (174.95305pt too wide) in paragraph at lines 116--117
\OT1/cmr/m/n/12 be found at I:/projects/spinlab/SADiCS/Setup[]NSCL/Instructions
[]Procedures/170621[]ABF[]Procedures.docx. 
 []

[5]
Underfull \hbox (badness 10000) in paragraph at lines 136--137

 []

[6]
Overfull \hbox (109.66707pt too wide) in paragraph at lines 147--148
\OT1/cmr/m/n/12 The ex-per-i-ment is run us-ing the jabf.vi found in I:/project
s/spinlab/SADiCS/Programs/LabVIEW
 []

[7] [8] <APD410A2edit.png, id=43, 452.089pt x 311.564pt>
File: APD410A2edit.png Graphic file (type png)

<use APD410A2edit.png>
Package pdftex.def Info: APD410A2edit.png used on input line 170.
(pdftex.def)             Requested size: 167.27031pt x 115.27686pt.
 [9 <./APD410A2edit.png>]
Overfull \hbox (1.84389pt too wide) in paragraph at lines 232--232
[]|\OT1/cmr/m/n/12 12/05/2016| 
 []


Underfull \hbox (badness 1769) in paragraph at lines 232--232
\OT1/cmr/m/n/12 proper ad-just-ments of lock-in sen-si-tiv-ity
 []


Overfull \hbox (1.84389pt too wide) in paragraph at lines 234--234
[]|\OT1/cmr/m/n/12 05/15/2017| 
 []


Overfull \hbox (1.84389pt too wide) in paragraph at lines 236--236
[]|\OT1/cmr/m/n/12 06/15/2017| 
 []


Underfull \hbox (badness 1062) in paragraph at lines 236--237
\OT1/cmr/m/n/12 floor found at $\OMS/cmsy/m/n/12 ^^X \OT1/cmr/m/n/12 275[]\OML/
cmm/m/it/12 C$\OT1/cmr/m/n/12 .
 []


Overfull \hbox (1.84389pt too wide) in paragraph at lines 238--238
[]|\OT1/cmr/m/n/12 07/26/2016| 
 []


Underfull \hbox (badness 7203) in paragraph at lines 238--238
\OT1/cmr/m/n/12 to ex-cite $[]\OML/cmm/m/it/12 P[]$\OT1/cmr/m/n/12 -$[]\OML/cmm
/m/it/12 S[]$ \OT1/cmr/m/n/12 tran-si-tion (GRUVY,
 []


Underfull \hbox (badness 6876) in paragraph at lines 238--239
[]|$\OMS/cmsy/m/n/12 ^^X \OT1/cmr/m/n/12 445[]\OML/cmm/m/it/12 C\OMS/cmsy/m/n/1
2 ^^@ ^^X \OT1/cmr/m/n/12 103[]\OML/cmm/m/it/12 C$
 []


Overfull \hbox (1.84389pt too wide) in paragraph at lines 240--240
[]|\OT1/cmr/m/n/12 10/06/2016| 
 []


Underfull \hbox (badness 1226) in paragraph at lines 240--241
\OT1/cmr/m/n/12 found by hand, all mea-
 []


Overfull \hbox (79.19128pt too wide) in paragraph at lines 228--243
[][] 
 []


LaTeX Warning: `!h' float specifier changed to `!ht'.

[10]
Overfull \hbox (70.03453pt too wide) in paragraph at lines 260--271
 [] 
 []

(./abf.bbl [11]) [12] (./abf.aux) ) 
Here is how much of TeX's memory you used:
 2051 strings out of 493304
 28144 string characters out of 6139870
 88149 words of memory out of 5000000
 5466 multiletter control sequences out of 15000+600000
 15670 words of font info for 61 fonts, out of 8000000 for 9000
 957 hyphenation exceptions out of 8191
 37i,11n,26p,1039b,234s stack positions out of 5000i,500n,10000p,200000b,80000s
</usr/share/texlive/texmf-dist/fonts/type1/p
ublic/amsfonts/cm/cmbx10.pfb></usr/share/texlive/texmf-dist/fonts/type1/public/
amsfonts/cm/cmbx12.pfb></usr/share/texlive/texmf-dist/fonts/type1/public/amsfon
ts/cm/cmex10.pfb></usr/share/texlive/texmf-dist/fonts/type1/public/amsfonts/cm/
cmmi12.pfb></usr/share/texlive/texmf-dist/fonts/type1/public/amsfonts/cm/cmmi6.
pfb></usr/share/texlive/texmf-dist/fonts/type1/public/amsfonts/cm/cmmi8.pfb></u
sr/share/texlive/texmf-dist/fonts/type1/public/amsfonts/cm/cmr10.pfb></usr/shar
e/texlive/texmf-dist/fonts/type1/public/amsfonts/cm/cmr12.pfb></usr/share/texli
ve/texmf-dist/fonts/type1/public/amsfonts/cm/cmr17.pfb></usr/share/texlive/texm
f-dist/fonts/type1/public/amsfonts/cm/cmr6.pfb></usr/share/texlive/texmf-dist/f
onts/type1/public/amsfonts/cm/cmr8.pfb></usr/share/texlive/texmf-dist/fonts/typ
e1/public/amsfonts/cm/cmsy10.pfb></usr/share/texlive/texmf-dist/fonts/type1/pub
lic/amsfonts/cm/cmsy6.pfb></usr/share/texlive/texmf-dist/fonts/type1/public/ams
fonts/cm/cmsy8.pfb></usr/share/texlive/texmf-dist/fonts/type1/public/amsfonts/c
m/cmti12.pfb></usr/share/texlive/texmf-dist/fonts/type1/public/rsfs/rsfs10.pfb>

Output written on abf.pdf (12 pages, 290930 bytes).
PDF statistics:
 114 PDF objects out of 1000 (max. 8388607)
 77 compressed objects within 1 object stream
 0 named destinations out of 1000 (max. 500000)
 16 words of extra memory for PDF output out of 10000 (max. 10000000)

